<?xml version="1.0" encoding="UTF-8"?>
<!-- Generated by org.testng.reporters.JUnitReportReporter -->
<testsuite hostname="kavyaHarish" failures="0" tests="2" name="testNg.TestCase3" time="29.393" errors="0" timestamp="2021-10-29T09:45:52 IST" skipped="0">
  <testcase classname="testNg.TestCase3" name="demo1" time="14.570"/>
  <system-out/>
  <testcase classname="testNg.TestCase3" name="demo1" time="14.823"/>
  <system-out/>
</testsuite> <!-- testNg.TestCase3 -->
