<?xml version="1.0" encoding="UTF-8"?>
<!-- Generated by org.testng.reporters.JUnitReportReporter -->
<testsuite hostname="kavyaHarish" failures="0" tests="1" name="testNg.TestCase6" time="0.020" errors="0" timestamp="2021-10-28T11:44:08 IST" skipped="0">
  <testcase classname="testNg.TestCase6" name="login" time="0.020"/>
  <system-out>
    <![CDATA[its reprt
Testcase id=5.0]]>
  </system-out>
</testsuite> <!-- testNg.TestCase6 -->
