<?xml version="1.0" encoding="UTF-8"?>
<!-- Generated by org.testng.reporters.JUnitReportReporter -->
<testsuite hostname="kavyaHarish" failures="0" tests="2" name="testNg.TestCase4" time="0.019" errors="0" timestamp="2021-10-28T11:36:25 IST" skipped="0">
  <testcase classname="testNg.TestCase4" name="a1" time="0.014"/>
  <system-out/>
  <testcase classname="testNg.TestCase4" name="c1" time="0.005"/>
  <system-out/>
</testsuite> <!-- testNg.TestCase4 -->
