<?xml version="1.0" encoding="UTF-8"?>
<!-- Generated by org.testng.reporters.JUnitReportReporter -->
<testsuite hostname="kavyaHarish" failures="0" tests="1" name="VtigerPOm.Demo" time="0.020" errors="0" timestamp="2021-10-28T10:09:30 IST" skipped="0">
  <testcase classname="VtigerPOm.Demo" name="kavya" time="0.020"/>
  <system-out/>
</testsuite> <!-- VtigerPOm.Demo -->
