<?xml version="1.0" encoding="UTF-8"?>
<!-- Generated by org.testng.reporters.JUnitReportReporter -->
<testsuite hostname="kavyaHarish" failures="0" tests="2" name="testNg.CrossBrowser" time="44.703" errors="0" timestamp="2021-10-29T11:57:27 IST" skipped="0">
  <testcase classname="testNg.CrossBrowser" name="cross" time="29.198"/>
  <system-out/>
  <testcase classname="testNg.CrossBrowser" name="cross" time="15.505"/>
  <system-out/>
</testsuite> <!-- testNg.CrossBrowser -->
