<?xml version="1.0" encoding="UTF-8"?>
<!-- Generated by org.testng.reporters.JUnitReportReporter -->
<testsuite hostname="kavyaHarish" failures="0" tests="1" name="testNg.Group1" time="0.002" errors="0" timestamp="2021-10-29T10:48:23 IST" skipped="0">
  <testcase classname="testNg.Group1" name="sample" time="0.002"/>
  <system-out/>
</testsuite> <!-- testNg.Group1 -->
