<?xml version="1.0" encoding="UTF-8"?>
<!-- Generated by org.testng.reporters.JUnitReportReporter -->
<testsuite hostname="kavyaHarish" failures="0" tests="3" name="testNg.TestCase7" time="0.034" errors="0" timestamp="2021-10-28T11:55:32 IST" skipped="0">
  <testcase classname="testNg.TestCase7" name="addcart" time="0.005"/>
  <system-out/>
  <testcase classname="testNg.TestCase7" name="logout" time="0.005"/>
  <system-out/>
  <testcase classname="testNg.TestCase7" name="login" time="0.024"/>
  <system-out/>
</testsuite> <!-- testNg.TestCase7 -->
