<?xml version="1.0" encoding="UTF-8"?>
<!-- Generated by org.testng.reporters.JUnitReportReporter -->
<testsuite hostname="kavyaHarish" failures="0" tests="1" name="testNg.PassTheDataFromTestNgFile" time="18.205" errors="0" timestamp="2021-10-29T10:17:33 IST" skipped="0">
  <testcase classname="testNg.PassTheDataFromTestNgFile" name="qsp" time="18.205"/>
  <system-out/>
</testsuite> <!-- testNg.PassTheDataFromTestNgFile -->
