<?xml version="1.0" encoding="UTF-8"?>
<!-- Generated by org.testng.reporters.JUnitReportReporter -->
<testsuite hostname="kavyaHarish" failures="0" tests="3" name="testNg.TestCase8" time="37.426" errors="0" timestamp="2021-10-28T12:14:59 IST" skipped="0">
  <testcase classname="testNg.TestCase8" name="loginDemo" time="12.875"/>
  <system-out/>
  <testcase classname="testNg.TestCase8" name="loginDemo" time="12.656"/>
  <system-out/>
  <testcase classname="testNg.TestCase8" name="loginDemo" time="11.895"/>
  <system-out/>
</testsuite> <!-- testNg.TestCase8 -->
