<?xml version="1.0" encoding="UTF-8"?>
<!-- Generated by org.testng.reporters.JUnitReportReporter -->
<testsuite hostname="kavyaHarish" failures="0" tests="1" name="testNg.Amazon" time="19.891" errors="0" timestamp="2021-10-29T11:22:33 IST" skipped="0">
  <testcase classname="testNg.Amazon" name="nav1" time="19.891"/>
  <system-out/>
</testsuite> <!-- testNg.Amazon -->
